<?xml version="1.0" encoding="UTF-8"?>
<testng-results ignored="0" total="1" passed="1" failed="0" skipped="0">
  <reporter-output>
  </reporter-output>
  <suite started-at="2025-09-18T01:40:23 IST" name="Default suite" finished-at="2025-09-18T01:40:33 IST" duration-ms="9101">
    <groups>
    </groups>
    <test started-at="2025-09-18T01:40:23 IST" name="Default test" finished-at="2025-09-18T01:40:33 IST" duration-ms="9101">
      <class name="OpenCart.cart_checkout.TC_Cart_004">
        <test-method signature="cart()[pri:0, instance:OpenCart.cart_checkout.TC_Cart_004@5f058f00]" started-at="2025-09-18T01:40:24 IST" name="cart" finished-at="2025-09-18T01:40:33 IST" duration-ms="9042" status="PASS">
          <reporter-output>
          </reporter-output>
        </test-method> <!-- cart -->
      </class> <!-- OpenCart.cart_checkout.TC_Cart_004 -->
    </test> <!-- Default test -->
  </suite> <!-- Default suite -->
</testng-results>
